// Scolomfr recette banner 1.2.0.RELEASE log opened at 2017-03-15 05:48:11
help
hw simple --message "ca marche"
exit
// Scolomfr recette banner 1.2.0.RELEASE log closed at 2017-03-15 05:49:15
// Scolomfr recette banner 1.2.0.RELEASE log opened at 2017-03-15 06:31:06
exit
// Scolomfr recette banner 1.2.0.RELEASE log closed at 2017-03-16 06:16:41
// Scolomfr recette banner 1.2.0.RELEASE log opened at 2017-03-16 06:17:21
help
sources by version --version 3.2.0
// [failed] sources by version --version to
exit
// Scolomfr recette banner 1.2.0.RELEASE log closed at 2017-03-16 06:29:50
// Scolomfr recette banner 1.2.0.RELEASE log opened at 2017-03-16 06:30:01
exit
// Scolomfr recette banner 1.2.0.RELEASE log closed at 2017-03-16 06:35:52
// Scolomfr recette banner 1.2.0.RELEASE log opened at 2017-03-16 06:36:04
exit
// Scolomfr recette banner 1.2.0.RELEASE log closed at 2017-03-16 06:36:36
// Scolomfr recette banner 1.2.0.RELEASE log opened at 2017-03-16 06:36:53
sources by version --version 3.2.0
sources by version --version 3.2.6
sources by version --version 3.2.0
help
clear
exit
// Scolomfr recette banner 1.2.0.RELEASE log closed at 2017-03-16 06:40:21
// Scolomfr recette banner 1.2.0.RELEASE log opened at 2017-03-16 06:41:18
// Scolomfr recette banner 1.2.0.RELEASE log opened at 2017-03-16 06:41:58
exit
// Scolomfr recette banner 1.2.0.RELEASE log closed at 2017-03-16 06:42:17
// Scolomfr recette banner 1.2.0.RELEASE log opened at 2017-03-16 06:42:28
exit
// Scolomfr recette banner 1.2.0.RELEASE log closed at 2017-03-16 06:43:09
// Scolomfr recette banner 1.2.0.RELEASE log opened at 2017-03-16 06:43:26
exit
// Scolomfr recette banner 1.2.0.RELEASE log closed at 2017-03-16 06:44:10
// Scolomfr recette banner 1.2.0.RELEASE log opened at 2017-03-16 06:44:22
exit
// Scolomfr recette banner 1.2.0.RELEASE log closed at 2017-03-16 06:46:55
// Scolomfr recette banner 1.2.0.RELEASE log opened at 2017-03-16 06:47:07
sources --version 3.1.0
exit
// Scolomfr recette banner 1.2.0.RELEASE log closed at 2017-03-16 18:56:03
// Scolomfr recette banner 1.2.0.RELEASE log opened at 2017-03-16 18:56:52
// Scolomfr recette banner 1.2.0.RELEASE log opened at 2017-03-16 19:25:43
// Scolomfr recette banner 1.2.0.RELEASE log opened at 2017-03-16 19:27:24
// Scolomfr recette banner 1.2.0.RELEASE log opened at 2017-03-16 19:32:36
sources --version 3.1.0
// Scolomfr recette banner 1.2.0.RELEASE log opened at 2017-03-16 19:36:04
// [failed] sources --version 3.1.0
exit
// Scolomfr recette banner 1.2.0.RELEASE log closed at 2017-03-16 19:37:21
// Scolomfr recette banner 1.2.0.RELEASE log opened at 2017-03-16 19:37:33
sources --version 3.1.0
// Scolomfr recette banner 1.2.0.RELEASE log opened at 2017-03-16 19:39:59
sources --version 3.1.0
// Scolomfr recette banner 1.2.0.RELEASE log opened at 2017-03-16 19:40:49
sources --version 3.1.0
// Scolomfr recette banner 1.2.0.RELEASE log opened at 2017-03-16 19:42:27
sources --version 3.1.0
// Scolomfr recette banner 1.2.0.RELEASE log opened at 2017-03-16 19:43:01
sources --version 3.1.0
// Scolomfr recette banner 1.2.0.RELEASE log opened at 2017-03-16 19:43:58
sources --version 3.1.0
exit
// Scolomfr recette banner 1.2.0.RELEASE log closed at 2017-03-16 19:44:45
// Scolomfr recette banner 1.2.0.RELEASE log opened at 2017-03-16 19:44:57
// [failed] sources --version 3.1.0
exit
// Scolomfr recette banner 1.2.0.RELEASE log closed at 2017-03-16 19:46:13
// Scolomfr recette banner 1.2.0.RELEASE log opened at 2017-03-16 19:46:25
sources --version 3.1.0
exit
// Scolomfr recette banner 1.2.0.RELEASE log closed at 2017-03-16 19:48:26
// Scolomfr recette banner 1.2.0.RELEASE log opened at 2017-03-16 19:48:46
sources --version 3.1.0
exit
// Scolomfr recette banner 1.2.0.RELEASE log closed at 2017-03-16 19:50:36
// Scolomfr recette banner 1.2.0.RELEASE log opened at 2017-03-16 19:50:52
sources --version 3.1.0
sources --version 3.2.0
exit
// Scolomfr recette banner 1.2.0.RELEASE log closed at 2017-03-16 19:51:47
// Scolomfr recette banner 1.2.0.RELEASE log opened at 2017-03-16 19:51:57
sources --version 3.2.0
exit
// Scolomfr recette banner 1.2.0.RELEASE log closed at 2017-03-16 19:52:34
// Scolomfr recette banner 1.2.0.RELEASE log opened at 2017-03-16 19:52:44
sources --version 3.2.0
sources --version 3.2.0
sources --version 3.2.0
sources --version 3.1.0
sources --version 3.1.0
sources --version 3.2.0
exit
// Scolomfr recette banner 1.2.0.RELEASE log closed at 2017-03-16 19:57:25
// Scolomfr recette banner 1.2.0.RELEASE log opened at 2017-03-16 19:57:40
sources --version 3.2.0
sources --version 3.1.0
exit
// Scolomfr recette banner 1.2.0.RELEASE log closed at 2017-03-16 20:08:43
// Scolomfr recette banner 1.2.0.RELEASE log opened at 2017-03-16 20:08:56
// [failed] sources --format skos
exit
// Scolomfr recette banner 1.2.0.RELEASE log closed at 2017-03-16 20:11:02
// Scolomfr recette banner 1.2.0.RELEASE log opened at 2017-03-16 20:11:15
sources --version 3.1.0
sources --format skos
help
help sources
help sources
help
sources --format skos
help
system properties
help
date
exit
// Scolomfr recette banner 1.2.0.RELEASE log closed at 2017-03-17 04:19:29
// Scolomfr recette banner 1.2.0.RELEASE log opened at 2017-03-17 04:31:21
tests
exit
// Scolomfr recette banner 1.2.0.RELEASE log closed at 2017-03-17 04:35:50
// Scolomfr recette banner 1.2.0.RELEASE log opened at 2017-03-17 04:36:03
// [failed] tests
// [failed] tests
exit
// Scolomfr recette banner 1.2.0.RELEASE log closed at 2017-03-17 04:37:46
// Scolomfr recette banner 1.2.0.RELEASE log opened at 2017-03-17 04:37:57
// [failed] tests
exit
// Scolomfr recette banner 1.2.0.RELEASE log closed at 2017-03-17 04:39:12
// Scolomfr recette banner 1.2.0.RELEASE log opened at 2017-03-17 04:39:26
tests
exit
// Scolomfr recette banner 1.2.0.RELEASE log closed at 2017-03-17 04:42:55
// Scolomfr recette banner 1.2.0.RELEASE log opened at 2017-03-17 04:43:07
tests
exit
// Scolomfr recette banner 1.2.0.RELEASE log closed at 2017-03-17 04:50:38
// Scolomfr recette banner 1.2.0.RELEASE log opened at 2017-03-17 04:50:51
sources
sources --version 3.2.0 --format skos
sources --version 3.2.0 --format html
help
! ls
help
help sources
exit
// Scolomfr recette banner 1.2.0.RELEASE log closed at 2017-03-17 05:04:25
// Scolomfr recette banner 1.2.0.RELEASE log opened at 2017-03-17 05:04:36
tests
exit
// Scolomfr recette banner 1.2.0.RELEASE log closed at 2017-03-17 05:05:51
// Scolomfr recette banner 1.2.0.RELEASE log opened at 2017-03-17 05:06:02
tests
test --index a6
// Scolomfr recette banner 1.2.0.RELEASE log opened at 2017-03-17 05:15:45
test --index a6
// Scolomfr recette banner 1.2.0.RELEASE log opened at 2017-03-17 05:20:20
test --index a6
test --index a6 --version 3.2.0
test --index a6 --version 3.2.0 --vocabulary global
exit
// Scolomfr recette banner 1.2.0.RELEASE log closed at 2017-03-17 05:41:13
// Scolomfr recette banner 1.2.0.RELEASE log opened at 2017-03-17 05:41:25
test --index a6 --version 3.2.0 --vocabulary global
exit
// Scolomfr recette banner 1.2.0.RELEASE log closed at 2017-03-17 05:46:15
// Scolomfr recette banner 1.2.0.RELEASE log opened at 2017-03-17 05:46:29
test --index a6 --version 3.2.0 --vocabulary global
exit
// Scolomfr recette banner 1.2.0.RELEASE log closed at 2017-03-17 05:47:25
// Scolomfr recette banner 1.2.0.RELEASE log opened at 2017-03-17 05:47:37
// [failed] test --index a6 --version 3.2.0 --vocabulary global
exit
// Scolomfr recette banner 1.2.0.RELEASE log closed at 2017-03-17 05:47:49
// Scolomfr recette banner 1.2.0.RELEASE log opened at 2017-03-17 05:48:01
test --index a6 --version 3.2.0 --vocabulary global
exit
// Scolomfr recette banner 1.2.0.RELEASE log closed at 2017-03-17 05:49:44
// Scolomfr recette banner 1.2.0.RELEASE log opened at 2017-03-17 05:49:57
test --index a6 --version 3.2.0 --vocabulary global
exit
// Scolomfr recette banner 1.2.0.RELEASE log closed at 2017-03-17 05:50:57
// Scolomfr recette banner 1.2.0.RELEASE log opened at 2017-03-17 05:51:11
test --index a6 --version 3.2.0 --vocabulary global
exit
// Scolomfr recette banner 1.2.0.RELEASE log closed at 2017-03-17 05:53:52
// Scolomfr recette banner 1.2.0.RELEASE log opened at 2017-03-17 05:54:03
test --index a6 --version 3.2.0 --vocabulary global
exit
// Scolomfr recette banner 1.2.0.RELEASE log closed at 2017-03-17 05:56:48
// Scolomfr recette banner 1.2.0.RELEASE log opened at 2017-03-17 05:56:59
test --index a6 --version 3.2.0 --vocabulary global
tests
test --index a23 --version 3.2.0 --vocabulary global
tests
exit
// Scolomfr recette banner 1.2.0.RELEASE log closed at 2017-03-17 06:04:36
// Scolomfr recette banner 1.2.0.RELEASE log opened at 2017-03-17 06:05:08
test --index a23 --version 3.2.0 --vocabulary global
exit
// Scolomfr recette banner 1.2.0.RELEASE log closed at 2017-03-17 06:06:17
// Scolomfr recette banner 1.2.0.RELEASE log opened at 2017-03-17 06:06:36
test --index a23 --version 3.2.0 --vocabulary global
exit
// Scolomfr recette banner 1.2.0.RELEASE log closed at 2017-03-17 06:09:02
// Scolomfr recette banner 1.2.0.RELEASE log opened at 2017-03-17 06:09:14
test --index a23 --version 3.2.0 --vocabulary global
test --index q7 --version 3.2.0 --vocabulary global
test --index q10 --version 3.2.0 --vocabulary global
tests
test --index a15 --version 3.2.0 --vocabulary global
tests
test --index a4 --version 3.2.0 --vocabulary global
test --index a4 --version 3.2.0 --vocabulary global
// Scolomfr recette banner 1.2.0.RELEASE log opened at 2017-03-17 06:20:52
tests
test --index a7 --version 3.2.0 --vocabulary global
test --index a7 --version 3.2.0 --vocabulary global
exit
// Scolomfr recette banner 1.2.0.RELEASE log closed at 2017-03-17 18:54:52
// Scolomfr recette banner 1.2.0.RELEASE log opened at 2017-03-17 18:55:25
test --index a7 --version 3.2.0 --vocabulary global
exit
// Scolomfr recette banner 1.2.0.RELEASE log closed at 2017-03-17 19:00:35
// Scolomfr recette banner 1.2.0.RELEASE log opened at 2017-03-17 19:00:46
test --index a7 --version 3.2.0 --vocabulary global
test --index a7 --version 3.1.0 --vocabulary global
// Scolomfr recette banner 1.2.0.RELEASE log opened at 2017-03-18 07:29:23
test --index a7 --version 3.1.0 --vocabulary global
exit
// Scolomfr recette banner 1.2.0.RELEASE log closed at 2017-03-18 07:31:28
// Scolomfr recette banner 1.2.0.RELEASE log opened at 2017-03-18 07:31:32
test --index a7 --version 3.1.0 --vocabulary global
exit
// Scolomfr recette banner 1.2.0.RELEASE log closed at 2017-03-18 07:34:57
// Scolomfr recette banner 1.2.0.RELEASE log opened at 2017-03-18 07:35:10
test --index a7 --version 3.1.0 --vocabulary global
// Scolomfr recette banner 1.2.0.RELEASE log opened at 2017-03-18 07:39:03
test --index a7 --version 3.1.0 --vocabulary global
// Scolomfr recette banner 1.2.0.RELEASE log opened at 2017-03-18 07:39:46
test --index a7 --version 3.1.0 --vocabulary global
// Scolomfr recette banner 1.2.0.RELEASE log opened at 2017-03-18 07:40:38
test --index a7 --version 3.1.0 --vocabulary global
exit
// Scolomfr recette banner 1.2.0.RELEASE log closed at 2017-03-18 07:41:52
// Scolomfr recette banner 1.2.0.RELEASE log opened at 2017-03-18 07:42:14
test --index a7 --version 3.1.0 --vocabulary global
exit
// Scolomfr recette banner 1.2.0.RELEASE log closed at 2017-03-18 07:44:04
// Scolomfr recette banner 1.2.0.RELEASE log opened at 2017-03-18 07:44:16
test --index a7 --version 3.1.0 --vocabulary global
exit
// Scolomfr recette banner 1.2.0.RELEASE log closed at 2017-03-18 07:50:40
// Scolomfr recette banner 1.2.0.RELEASE log opened at 2017-03-18 07:59:36
test --index a7 --version 3.1.0 --vocabulary global
exit
// Scolomfr recette banner 1.2.0.RELEASE log closed at 2017-03-18 08:05:50
// Scolomfr recette banner 1.2.0.RELEASE log opened at 2017-03-18 08:06:02
test --index a7 --version 3.1.0 --vocabulary global
exit
// Scolomfr recette banner 1.2.0.RELEASE log closed at 2017-03-18 08:06:49
// Scolomfr recette banner 1.2.0.RELEASE log opened at 2017-03-18 08:07:02
test --index a7 --version 3.1.0 --vocabulary global
exit
// Scolomfr recette banner 1.2.0.RELEASE log closed at 2017-03-18 08:08:09
// Scolomfr recette banner 1.2.0.RELEASE log opened at 2017-03-18 08:08:19
test --index a7 --version 3.1.0 --vocabulary global
exit
// Scolomfr recette banner 1.2.0.RELEASE log closed at 2017-03-18 08:15:39
// Scolomfr recette banner 1.2.0.RELEASE log opened at 2017-03-18 08:19:22
test --index a7 --version 3.1.0 --vocabulary global
exit
// Scolomfr recette banner 1.2.0.RELEASE log closed at 2017-03-18 08:20:06
// Scolomfr recette banner 1.2.0.RELEASE log opened at 2017-03-18 08:20:17
test --index a7 --version 3.1.0 --vocabulary global
exit
// Scolomfr recette banner 1.2.0.RELEASE log closed at 2017-03-18 08:24:22
// Scolomfr recette banner 1.2.0.RELEASE log opened at 2017-03-18 08:24:35
test --index a7 --version 3.1.0 --vocabulary global
exit
// Scolomfr recette banner 1.2.0.RELEASE log closed at 2017-03-18 08:28:10
// Scolomfr recette banner 1.2.0.RELEASE log opened at 2017-03-18 08:28:30
test --index a7 --version 3.1.0 --vocabulary global
exit
// Scolomfr recette banner 1.2.0.RELEASE log closed at 2017-03-18 08:39:39
// Scolomfr recette banner 1.2.0.RELEASE log opened at 2017-03-18 08:39:52
test --index a7 --version 3.1.0 --vocabulary global
test --index a7 --version 3.1.0 --vocabulary global
exit
// Scolomfr recette banner 1.2.0.RELEASE log closed at 2017-03-18 08:45:33
// Scolomfr recette banner 1.2.0.RELEASE log opened at 2017-03-18 08:57:27
// Scolomfr recette banner 1.2.0.RELEASE log opened at 2017-03-18 08:58:28
test --index a7 --version 3.1.0 --vocabulary global
exit
// Scolomfr recette banner 1.2.0.RELEASE log closed at 2017-03-18 08:58:50
// Scolomfr recette banner 1.2.0.RELEASE log opened at 2017-03-18 08:58:54
test --index a7 --version 3.1.0 --vocabulary global
exit
// Scolomfr recette banner 1.2.0.RELEASE log closed at 2017-03-18 09:28:33
// Scolomfr recette banner 1.2.0.RELEASE log opened at 2017-03-18 09:28:44
test --index a7 --version 3.1.0 --vocabulary global
exit
// Scolomfr recette banner 1.2.0.RELEASE log closed at 2017-03-18 09:28:56
// Scolomfr recette banner 1.2.0.RELEASE log opened at 2017-03-18 09:29:59
test --index a7 --version 3.1.0 --vocabulary global
exit
// Scolomfr recette banner 1.2.0.RELEASE log closed at 2017-03-18 09:30:26
// Scolomfr recette banner 1.2.0.RELEASE log opened at 2017-03-18 10:07:27
test --index a7 --version 3.1.0 --vocabulary global
exit
// Scolomfr recette banner 1.2.0.RELEASE log closed at 2017-03-18 10:10:41
// Scolomfr recette banner 1.2.0.RELEASE log opened at 2017-03-18 10:10:53
test --index a7 --version 3.1.0 --vocabulary global
// Scolomfr recette banner 1.2.0.RELEASE log opened at 2017-03-18 10:12:45
test --index a7 --version 3.1.0 --vocabulary global
exit
// Scolomfr recette banner 1.2.0.RELEASE log closed at 2017-03-18 10:14:46
// Scolomfr recette banner 1.2.0.RELEASE log opened at 2017-03-18 10:14:56
test --index a7 --version 3.1.0 --vocabulary global
exit
// Scolomfr recette banner 1.2.0.RELEASE log closed at 2017-03-18 10:15:16
// Scolomfr recette banner 1.2.0.RELEASE log opened at 2017-03-18 12:14:10
test --index a7 --version 3.1.0 --vocabulary global
exit
// Scolomfr recette banner 1.2.0.RELEASE log closed at 2017-03-18 12:30:42
// Scolomfr recette banner 1.2.0.RELEASE log opened at 2017-03-18 12:30:52
test --index a7 --version 3.1.0 --vocabulary global
exit
// Scolomfr recette banner 1.2.0.RELEASE log closed at 2017-03-18 12:30:59
// Scolomfr recette banner 1.2.0.RELEASE log opened at 2017-03-18 12:36:01
test --index a7 --version 3.1.0 --vocabulary global
exit
// Scolomfr recette banner 1.2.0.RELEASE log closed at 2017-03-18 12:37:08
// Scolomfr recette banner 1.2.0.RELEASE log opened at 2017-03-18 12:37:20
test --index a7 --version 3.1.0 --vocabulary global
exit
// Scolomfr recette banner 1.2.0.RELEASE log closed at 2017-03-18 12:37:40
// Scolomfr recette banner 1.2.0.RELEASE log opened at 2017-03-18 12:37:49
test --index a7 --version 3.1.0 --vocabulary global
exit
// Scolomfr recette banner 1.2.0.RELEASE log closed at 2017-03-18 12:37:57
// Scolomfr recette banner 1.2.0.RELEASE log opened at 2017-03-18 12:41:38
test --index a7 --version 3.1.0 --vocabulary global
exit
// Scolomfr recette banner 1.2.0.RELEASE log closed at 2017-03-18 12:42:25
// Scolomfr recette banner 1.2.0.RELEASE log opened at 2017-03-18 12:42:34
test --index a7 --version 3.1.0 --vocabulary global
test --index a7 --version 3.1.0 --vocabulary global
exit
// Scolomfr recette banner 1.2.0.RELEASE log closed at 2017-03-18 12:43:19
// Scolomfr recette banner 1.2.0.RELEASE log opened at 2017-03-18 12:43:28
test --index a7 --version 3.1.0 --vocabulary global
exit
// Scolomfr recette banner 1.2.0.RELEASE log closed at 2017-03-18 12:45:36
// Scolomfr recette banner 1.2.0.RELEASE log opened at 2017-03-18 12:45:44
test --index a7 --version 3.1.0 --vocabulary global
exit
// Scolomfr recette banner 1.2.0.RELEASE log closed at 2017-03-18 12:45:51
// Scolomfr recette banner 1.2.0.RELEASE log opened at 2017-03-18 12:54:31
// Scolomfr recette banner 1.2.0.RELEASE log opened at 2017-03-18 12:56:09
// Scolomfr recette banner 1.2.0.RELEASE log opened at 2017-03-18 12:58:02
// Scolomfr recette banner 1.2.0.RELEASE log opened at 2017-03-18 12:58:45
test --index a7 --version 3.1.0 --vocabulary global
exit
// Scolomfr recette banner 1.2.0.RELEASE log closed at 2017-03-18 13:01:08
// Scolomfr recette banner 1.2.0.RELEASE log opened at 2017-03-18 13:01:17
exit
// Scolomfr recette banner 1.2.0.RELEASE log closed at 2017-03-18 13:01:19
// Scolomfr recette banner 1.2.0.RELEASE log opened at 2017-03-18 13:01:28
help
sources --version 3.2.0 --format html
tests
test --index a7 --version 3.1.0 --vocabulary global
