// Spring Shell 1.2.0.RELEASE log opened at 2017-03-15 05:10:01
help
exit
// Spring Shell 1.2.0.RELEASE log closed at 2017-03-15 05:12:07
// Spring Shell 1.2.0.RELEASE log opened at 2017-03-15 05:12:47
exit
// Spring Shell 1.2.0.RELEASE log closed at 2017-03-15 05:12:51
// Spring Shell 1.2.0.RELEASE log opened at 2017-03-15 05:14:28
exit
// Spring Shell 1.2.0.RELEASE log closed at 2017-03-15 05:15:41
// Spring Shell 1.2.0.RELEASE log opened at 2017-03-15 05:15:44
// Spring Shell 1.2.0.RELEASE log opened at 2017-03-15 05:17:42
exit
// Spring Shell 1.2.0.RELEASE log closed at 2017-03-15 05:17:44
// Spring Shell 1.2.0.RELEASE log opened at 2017-03-15 05:18:29
exit
// Spring Shell 1.2.0.RELEASE log closed at 2017-03-15 05:18:33
// Spring Shell 1.2.0.RELEASE log opened at 2017-03-15 05:23:14
help
exit
// Spring Shell 1.2.0.RELEASE log closed at 2017-03-15 05:23:21
// Spring Shell Unknown Version log opened at 2017-03-19 05:31:25
help
exit
// Spring Shell Unknown Version log closed at 2017-03-19 05:32:33
// Spring Shell Unknown Version log opened at 2017-03-19 05:42:37
help
exit
// Spring Shell Unknown Version log closed at 2017-03-19 05:42:43
// Spring Shell Unknown Version log opened at 2017-03-19 05:43:48
help
exit
// Spring Shell Unknown Version log closed at 2017-03-19 05:43:54
// Spring Shell Unknown Version log opened at 2017-03-19 05:46:03
help
exit
// Spring Shell Unknown Version log closed at 2017-03-19 05:46:10
// Spring Shell Unknown Version log opened at 2017-03-19 05:47:06
exit
// Spring Shell Unknown Version log closed at 2017-03-19 05:47:09
// Spring Shell Unknown Version log opened at 2017-03-19 05:48:41
help
exit
// Spring Shell Unknown Version log closed at 2017-03-19 05:48:49
// Spring Shell Unknown Version log opened at 2017-03-19 09:30:23
